SF:lib/models/player.dart
DA:4,3
DA:23,1
DA:24,1
DA:25,1
DA:26,1
DA:27,1
DA:28,1
LF:7
LH:7
end_of_record
SF:lib/multiple_firebase_options.dart
DA:6,0
DA:10,0
DA:11,0
DA:13,0
DA:15,0
DA:17,0
DA:18,0
DA:21,0
DA:22,0
DA:26,0
DA:32,0
DA:36,0
DA:37,0
DA:39,0
DA:41,0
DA:43,0
DA:44,0
DA:47,0
DA:48,0
DA:52,0
LF:20
LH:0
end_of_record
SF:lib/screens/game_screen.dart
DA:28,0
DA:37,0
DA:38,0
DA:46,0
DA:48,0
DA:49,0
DA:50,0
DA:51,0
DA:52,0
DA:53,0
DA:54,0
DA:55,0
DA:59,0
DA:60,0
DA:61,0
DA:62,0
DA:63,0
DA:64,0
DA:65,0
DA:66,0
DA:67,0
DA:68,0
DA:69,0
DA:70,0
DA:75,0
DA:80,0
DA:82,0
DA:83,0
DA:84,0
DA:91,0
DA:92,0
DA:101,0
DA:108,0
DA:110,0
DA:112,0
DA:114,0
DA:115,0
DA:116,0
DA:120,0
DA:122,0
DA:124,0
DA:125,0
DA:127,0
DA:128,0
DA:130,0
DA:131,0
DA:133,0
DA:134,0
DA:136,0
DA:137,0
DA:138,0
DA:143,0
DA:152,0
DA:153,0
DA:154,0
LF:55
LH:0
end_of_record
SF:lib/state/game_state.dart
DA:23,0
DA:25,0
DA:27,0
DA:29,0
DA:30,0
DA:32,0
DA:38,5
DA:52,3
DA:53,3
DA:54,1
DA:55,1
DA:65,0
DA:87,8
DA:90,24
DA:93,16
DA:97,5
DA:102,5
DA:103,5
DA:104,5
DA:105,5
DA:109,1
DA:110,5
DA:114,1
DA:115,1
DA:119,1
DA:120,1
DA:121,1
DA:122,1
DA:123,3
DA:124,1
DA:125,1
DA:130,1
DA:131,3
DA:132,3
DA:133,3
DA:134,3
DA:138,1
DA:139,4
DA:140,3
DA:141,3
DA:142,1
DA:143,3
DA:144,3
DA:145,3
DA:146,3
DA:151,1
DA:152,6
DA:153,1
DA:154,2
DA:155,1
DA:156,2
DA:157,2
DA:158,3
DA:159,3
DA:160,1
DA:161,4
DA:162,4
DA:171,1
DA:172,1
DA:173,1
DA:174,1
DA:175,1
DA:176,1
DA:177,1
DA:178,1
DA:179,2
DA:184,1
DA:185,1
DA:186,2
DA:187,2
DA:188,3
DA:189,3
DA:190,1
DA:191,4
DA:192,4
DA:199,1
DA:200,1
DA:201,2
DA:202,1
DA:203,7
DA:208,1
DA:209,1
DA:210,3
DA:214,1
DA:215,1
DA:216,1
DA:217,1
DA:221,1
DA:222,1
DA:226,1
DA:227,1
DA:228,1
DA:229,1
DA:233,0
DA:235,0
DA:236,0
DA:237,0
DA:238,0
DA:239,0
DA:246,1
DA:247,2
DA:248,1
DA:253,1
DA:259,1
DA:260,2
DA:262,3
DA:263,1
DA:264,1
DA:266,3
DA:268,2
DA:269,2
DA:270,2
DA:272,2
DA:279,1
DA:280,3
DA:281,3
DA:282,3
DA:283,3
DA:287,1
DA:288,2
DA:292,1
DA:294,3
DA:295,3
DA:297,1
DA:298,2
DA:299,2
DA:301,1
DA:302,2
DA:304,1
DA:305,1
DA:310,1
DA:312,3
DA:313,3
DA:315,1
DA:317,0
DA:318,0
DA:320,1
DA:321,2
DA:323,1
DA:324,1
DA:329,1
DA:330,1
DA:334,3
DA:337,1
DA:338,0
DA:339,0
DA:346,0
DA:347,0
DA:348,0
DA:352,1
DA:353,1
DA:355,3
DA:357,1
DA:359,1
DA:361,1
DA:362,1
DA:365,1
DA:367,1
DA:368,3
DA:369,1
DA:371,1
DA:372,2
DA:374,1
DA:376,1
DA:377,1
DA:387,1
DA:389,2
DA:390,2
DA:391,2
DA:392,2
DA:393,2
DA:394,5
DA:395,1
DA:425,1
DA:435,1
DA:438,4
DA:441,3
DA:444,3
DA:448,1
DA:451,1
DA:454,1
LF:181
LH:161
end_of_record
SF:lib/widgets/avatar_column_widget.dart
DA:29,17
DA:31,0
DA:33,1
DA:34,1
DA:40,1
DA:42,1
DA:43,1
DA:50,1
DA:51,2
DA:52,3
DA:53,2
DA:54,4
DA:55,3
DA:56,1
DA:61,1
DA:63,1
DA:65,3
DA:66,1
DA:70,1
LF:19
LH:18
end_of_record
SF:lib/widgets/button_widget.dart
DA:37,2
DA:38,2
DA:40,2
DA:42,2
DA:43,2
DA:44,2
DA:45,2
DA:47,2
DA:48,2
DA:53,2
DA:54,2
DA:55,2
LF:12
LH:12
end_of_record
SF:lib/widgets/pieces_left_indicator_widget.dart
DA:12,17
DA:14,0
DA:16,1
DA:17,1
DA:26,1
DA:28,1
DA:29,3
DA:30,3
DA:31,4
DA:32,1
DA:33,1
DA:34,0
DA:35,0
DA:41,1
DA:43,2
DA:44,1
DA:51,1
DA:53,1
DA:55,1
DA:57,1
DA:59,1
DA:60,2
LF:22
LH:19
end_of_record
SF:lib/widgets/puzzle_board_widget.dart
DA:19,1
DA:26,0
DA:28,1
DA:29,1
DA:37,1
DA:39,2
DA:40,1
DA:41,2
DA:42,2
DA:43,1
DA:44,1
DA:45,1
DA:46,6
DA:47,6
DA:48,1
DA:49,1
DA:51,1
DA:52,1
DA:53,1
DA:59,1
DA:60,4
DA:61,1
DA:62,6
DA:63,6
DA:64,1
DA:68,1
DA:74,1
DA:75,1
DA:76,3
DA:77,2
DA:79,5
DA:81,5
DA:82,2
DA:83,2
LF:34
LH:33
end_of_record
SF:lib/widgets/share_button_widget.dart
DA:11,17
DA:17,1
DA:18,2
DA:20,5
DA:26,1
DA:28,1
DA:32,1
DA:34,1
DA:36,1
DA:37,1
LF:10
LH:10
end_of_record
SF:lib/widgets/hint_popup_widget.dart
DA:15,1
DA:19,1
DA:21,1
DA:22,1
DA:31,1
DA:32,6
DA:35,1
DA:37,1
DA:38,2
DA:39,1
DA:40,1
DA:41,3
DA:42,1
DA:43,1
DA:44,1
DA:45,1
DA:46,1
DA:47,1
DA:48,4
DA:49,4
DA:50,1
DA:51,1
DA:52,3
LF:23
LH:23
end_of_record
SF:lib/screens/home_screen.dart
DA:19,20
DA:21,5
DA:23,5
DA:24,5
DA:32,5
DA:33,5
DA:35,5
DA:37,5
DA:39,5
DA:41,5
DA:43,5
DA:45,0
DA:46,0
DA:48,0
DA:49,0
DA:50,0
DA:53,0
DA:54,0
DA:55,0
DA:73,5
DA:75,5
DA:77,5
DA:80,5
DA:82,5
DA:84,1
DA:85,1
DA:87,1
DA:88,1
DA:99,5
DA:101,5
DA:103,5
DA:104,3
DA:105,3
DA:107,3
DA:108,6
DA:112,5
DA:115,5
DA:119,5
DA:120,5
DA:121,5
DA:122,5
DA:125,5
DA:136,5
DA:138,5
DA:140,5
LF:45
LH:37
end_of_record
SF:lib/screens/picker_screen.dart
DA:19,3
DA:21,3
DA:22,3
DA:28,0
DA:29,0
DA:30,0
DA:31,0
DA:32,0
DA:40,0
DA:41,0
DA:42,0
DA:43,0
DA:44,0
DA:45,0
DA:46,0
DA:49,0
DA:50,0
DA:51,0
DA:52,0
DA:53,0
DA:56,3
DA:58,3
DA:60,3
DA:61,3
DA:62,3
DA:70,3
DA:72,3
DA:74,3
DA:76,3
DA:79,6
DA:83,3
DA:85,3
DA:87,3
DA:89,3
DA:95,1
DA:96,2
DA:98,3
DA:100,3
DA:103,3
DA:104,3
DA:105,3
DA:106,3
DA:112,3
LF:43
LH:26
end_of_record
SF:lib/widgets/game_mode_controller_widget.dart
DA:24,17
DA:26,1
DA:28,1
DA:56,1
DA:58,1
DA:59,1
DA:66,1
DA:67,1
DA:68,1
DA:69,1
DA:71,1
DA:74,1
DA:75,1
DA:76,1
DA:77,1
DA:78,1
DA:79,4
DA:80,1
DA:82,1
DA:83,1
DA:84,1
DA:85,3
DA:86,2
DA:87,2
DA:88,2
DA:89,2
DA:91,1
DA:92,1
DA:93,1
DA:94,1
DA:98,1
DA:99,1
DA:100,1
DA:106,1
DA:107,1
DA:117,1
DA:118,1
DA:119,1
DA:120,4
DA:121,1
DA:122,1
DA:124,1
DA:125,1
DA:126,3
DA:127,1
DA:128,2
DA:129,1
DA:131,1
DA:132,1
DA:133,1
DA:134,1
DA:138,1
DA:139,1
DA:140,1
DA:146,1
DA:147,1
DA:159,1
DA:161,1
DA:162,1
DA:163,1
DA:165,1
DA:171,1
DA:172,2
DA:174,1
DA:176,1
DA:179,1
DA:180,1
DA:181,1
DA:182,1
DA:187,1
DA:210,1
DA:219,1
DA:221,1
DA:223,1
DA:224,1
DA:225,1
DA:226,1
DA:227,1
DA:230,1
DA:231,1
DA:232,1
DA:233,2
DA:234,3
DA:235,1
DA:236,1
DA:237,1
DA:238,3
DA:242,1
DA:243,3
DA:244,4
DA:245,1
DA:247,1
DA:248,1
DA:252,1
DA:253,1
DA:254,1
DA:257,1
DA:259,3
DA:276,2
DA:280,1
DA:282,1
DA:283,1
DA:287,1
DA:289,1
DA:293,1
DA:296,1
DA:297,1
DA:301,1
DA:302,1
DA:303,2
DA:312,3
LF:111
LH:111
end_of_record
SF:lib/widgets/image_picker_widget.dart
DA:14,3
DA:16,3
DA:17,3
DA:24,1
DA:25,1
DA:26,0
DA:27,0
DA:29,0
DA:30,0
DA:31,0
DA:36,1
DA:37,1
DA:38,0
DA:40,0
DA:45,1
DA:46,1
DA:47,1
DA:48,2
DA:50,1
DA:51,1
DA:52,1
DA:53,1
DA:54,1
DA:58,1
DA:59,1
DA:60,1
DA:61,1
DA:71,0
DA:72,0
DA:73,0
DA:75,0
DA:76,0
DA:82,0
DA:88,0
DA:95,3
DA:97,3
DA:98,3
DA:99,3
DA:101,3
DA:104,3
DA:105,3
DA:106,6
DA:109,3
LF:43
LH:29
end_of_record
SF:lib/screens/post_game_screen.dart
DA:8,1
DA:10,1
DA:11,1
DA:24,1
DA:27,1
DA:28,0
DA:29,1
DA:30,1
DA:31,1
DA:32,1
DA:40,1
DA:41,1
DA:42,1
DA:43,1
DA:45,1
DA:53,1
DA:56,1
DA:57,1
DA:58,1
DA:61,1
DA:62,1
DA:79,1
DA:81,1
DA:83,1
DA:85,1
DA:97,1
DA:98,3
DA:99,1
DA:101,1
DA:102,1
DA:105,1
DA:112,1
DA:113,1
LF:33
LH:32
end_of_record
SF:lib/widgets/puzzle_piece_widget.dart
DA:21,5
DA:29,5
DA:31,1
DA:32,1
DA:45,1
DA:47,1
DA:48,2
DA:52,1
DA:53,3
DA:54,1
DA:55,2
DA:56,1
DA:57,2
DA:58,0
DA:59,0
DA:68,0
DA:69,0
DA:77,0
DA:78,0
DA:79,0
DA:80,0
DA:81,0
DA:82,0
DA:93,1
DA:94,3
DA:95,6
DA:96,1
DA:97,1
DA:98,0
DA:99,0
DA:100,0
DA:101,0
DA:102,0
DA:103,0
DA:104,0
DA:105,0
DA:106,0
DA:107,0
DA:108,0
DA:109,0
DA:110,0
DA:111,0
DA:112,0
DA:115,3
DA:116,3
DA:117,1
DA:118,1
DA:119,0
DA:120,0
DA:121,0
DA:122,0
DA:123,0
DA:134,1
DA:136,1
DA:137,2
DA:138,2
DA:139,2
DA:140,2
DA:141,1
DA:149,0
DA:150,0
DA:151,0
DA:152,0
DA:160,1
DA:162,1
DA:163,2
DA:164,2
DA:165,2
DA:166,2
DA:168,2
DA:169,1
DA:170,1
DA:171,1
DA:172,3
DA:173,3
DA:174,1
DA:175,0
DA:176,0
DA:177,0
DA:178,0
DA:179,0
DA:180,0
DA:181,0
DA:184,0
DA:185,0
DA:186,0
DA:187,0
DA:189,0
DA:190,0
DA:191,0
DA:192,0
DA:193,0
DA:194,0
DA:199,0
DA:200,0
DA:201,0
DA:202,0
DA:203,0
DA:206,0
DA:207,0
DA:208,0
DA:209,0
DA:210,0
DA:211,0
DA:213,0
DA:214,0
DA:215,0
DA:216,0
DA:217,0
DA:218,0
DA:222,0
DA:223,0
DA:224,0
DA:225,0
DA:227,0
DA:228,0
DA:229,0
DA:230,0
DA:232,0
DA:233,0
DA:234,0
DA:236,0
DA:238,0
DA:239,0
DA:240,0
DA:241,0
DA:242,0
DA:243,0
DA:246,0
DA:247,0
DA:248,0
DA:249,0
DA:251,0
DA:252,0
DA:253,0
DA:254,0
DA:255,0
DA:256,0
DA:257,0
DA:258,0
DA:259,0
DA:264,1
DA:265,1
DA:266,2
DA:267,2
DA:270,1
DA:271,2
DA:272,2
DA:273,1
DA:275,2
LF:150
LH:51
end_of_record
SF:lib/utils/puzzle_generator.dart
DA:18,1
DA:19,1
DA:20,1
DA:21,1
DA:22,1
DA:33,1
DA:34,1
DA:35,1
DA:36,1
DA:37,1
DA:38,1
DA:61,1
DA:62,1
DA:63,6
DA:64,2
DA:65,2
DA:66,1
DA:67,1
DA:68,1
DA:69,1
DA:70,2
DA:87,1
DA:88,1
DA:89,1
DA:90,2
DA:91,2
DA:92,2
DA:93,2
DA:95,2
DA:96,2
DA:97,2
DA:98,2
DA:99,2
DA:100,5
DA:118,1
DA:120,1
DA:121,3
DA:123,3
DA:124,1
DA:125,2
DA:126,2
DA:128,1
DA:129,2
DA:130,2
DA:132,1
DA:133,1
DA:134,1
LF:47
LH:47
end_of_record
SF:lib/widgets/avatar_widget.dart
DA:41,2
DA:46,1
DA:48,2
DA:50,2
DA:52,2
DA:53,2
DA:54,2
DA:55,2
DA:56,2
DA:58,2
DA:60,4
LF:11
LH:11
end_of_record
SF:lib/widgets/grid_widget.dart
DA:27,2
DA:34,1
DA:36,2
DA:38,2
DA:39,2
DA:40,2
DA:41,2
DA:42,6
DA:43,6
DA:44,2
DA:45,2
DA:46,2
DA:47,4
LF:13
LH:13
end_of_record
